<?xml version="1.0" encoding="UTF-8" ?>
<testsuite tests="4" failures="0" name="com.ecomm.test.CategoryDAOTest" time="10.821" errors="0" skipped="3">
  <properties>
[...]
</properties>
  <testcase classname="com.ecomm.test.CategoryDAOTest" name="addCategoryTest" time="3.493">
    <skipped/>
    <system-out>---DataSource object is Created
---Session Factory Object is created---
---Transaction Manager Object is Created ---
</system-out>
    <system-err>May 14, 2019 11:24:27 AM org.springframework.context.support.AbstractApplicationContext prepareRefresh
INFO: Refreshing org.springframework.context.annotation.AnnotationConfigApplicationContext@66d33a: startup date [Tue May 14 11:24:27 IST 2019]; root of context hierarchy
May 14, 2019 11:24:28 AM org.springframework.jdbc.datasource.DriverManagerDataSource setDriverClassName
INFO: Loaded JDBC driver: org.h2.Driver
May 14, 2019 11:24:28 AM org.hibernate.Version logVersion
INFO: HHH000412: Hibernate Core {5.2.10.Final}
May 14, 2019 11:24:28 AM org.hibernate.cfg.Environment &lt;clinit&gt;
INFO: HHH000206: hibernate.properties not found
May 14, 2019 11:24:28 AM org.hibernate.annotations.common.reflection.java.JavaReflectionManager &lt;clinit&gt;
INFO: HCANN000001: Hibernate Commons Annotations {5.0.1.Final}
May 14, 2019 11:24:28 AM org.hibernate.dialect.Dialect &lt;init&gt;
INFO: HHH000400: Using dialect: org.hibernate.dialect.H2Dialect
May 14, 2019 11:24:30 AM org.springframework.orm.hibernate5.HibernateTransactionManager afterPropertiesSet
INFO: Using DataSource [org.springframework.jdbc.datasource.DriverManagerDataSource@74e52ef6] of Hibernate SessionFactory for HibernateTransactionManager
</system-err>
  </testcase>
  <testcase classname="com.ecomm.test.CategoryDAOTest" name="listCategoryTest" time="3.494">
    <skipped/>
  </testcase>
  <testcase classname="com.ecomm.test.CategoryDAOTest" name="deleteCategoryTest" time="3.494">
    <skipped/>
  </testcase>
  <testcase classname="com.ecomm.test.CategoryDAOTest" name="updateCategoryTest" time="0.34"/>
</testsuite>